2021-08-18 16:53:51,374; INFO; nprophet.config; set_auto_batch_epoch; Auto-set batch_size to 1
2021-08-18 16:53:51,376; INFO; nprophet.config; set_auto_batch_epoch; Auto-set epochs to 1000
2021-08-18 16:53:51,593; INFO; nprophet; _lr_range_test; learning rate range test found optimal lr: 1.87E-02
2021-08-18 16:53:59,598; INFO; nprophet.config; set_auto_batch_epoch; Auto-set batch_size to 2
2021-08-18 16:53:59,598; INFO; nprophet.config; set_auto_batch_epoch; Auto-set epochs to 1000
2021-08-18 16:53:59,694; INFO; nprophet; _lr_range_test; learning rate range test found optimal lr: 3.51E-05
2021-08-18 16:54:07,906; INFO; nprophet.config; set_auto_batch_epoch; Auto-set batch_size to 2
2021-08-18 16:54:07,906; INFO; nprophet.config; set_auto_batch_epoch; Auto-set epochs to 1000
2021-08-18 16:54:08,003; INFO; nprophet; _lr_range_test; learning rate range test found optimal lr: 1.87E-01
2021-08-18 16:54:22,871; INFO; nprophet.config; set_auto_batch_epoch; Auto-set batch_size to 1
2021-08-18 16:54:22,873; INFO; nprophet.config; set_auto_batch_epoch; Auto-set epochs to 1000
2021-08-18 16:54:22,998; INFO; nprophet; _lr_range_test; learning rate range test found optimal lr: 2.31E-02
2021-08-18 16:54:31,244; INFO; nprophet.config; set_auto_batch_epoch; Auto-set batch_size to 2
2021-08-18 16:54:31,244; INFO; nprophet.config; set_auto_batch_epoch; Auto-set epochs to 1000
2021-08-18 16:54:31,343; INFO; nprophet; _lr_range_test; learning rate range test found optimal lr: 2.31E+00
2021-08-18 16:54:39,449; INFO; nprophet.config; set_auto_batch_epoch; Auto-set batch_size to 2
2021-08-18 16:54:39,450; INFO; nprophet.config; set_auto_batch_epoch; Auto-set epochs to 1000
2021-08-18 16:54:39,561; INFO; nprophet; _lr_range_test; learning rate range test found optimal lr: 4.33E-01
2021-08-18 16:55:12,005; INFO; nprophet.config; set_auto_batch_epoch; Auto-set batch_size to 1
2021-08-18 16:55:12,006; INFO; nprophet.config; set_auto_batch_epoch; Auto-set epochs to 1000
2021-08-18 16:55:12,144; INFO; nprophet; _lr_range_test; learning rate range test found optimal lr: 8.11E-02
2021-08-18 16:55:20,638; INFO; nprophet.config; set_auto_batch_epoch; Auto-set batch_size to 2
2021-08-18 16:55:20,639; INFO; nprophet.config; set_auto_batch_epoch; Auto-set epochs to 1000
2021-08-18 16:55:20,761; INFO; nprophet; _lr_range_test; learning rate range test found optimal lr: 6.58E-01
2021-08-18 16:55:29,386; INFO; nprophet.config; set_auto_batch_epoch; Auto-set batch_size to 2
2021-08-18 16:55:29,387; INFO; nprophet.config; set_auto_batch_epoch; Auto-set epochs to 1000
2021-08-18 16:55:29,540; INFO; nprophet; _lr_range_test; learning rate range test found optimal lr: 1.52E+00
2021-08-18 16:55:41,449; INFO; nprophet.config; set_auto_batch_epoch; Auto-set batch_size to 2
2021-08-18 16:55:41,450; INFO; nprophet.config; set_auto_batch_epoch; Auto-set epochs to 800
2021-08-18 16:55:41,555; INFO; nprophet; _lr_range_test; learning rate range test found optimal lr: 1.52E-02
2021-08-18 16:55:52,725; INFO; nprophet.config; set_auto_batch_epoch; Auto-set batch_size to 2
2021-08-18 16:55:52,726; INFO; nprophet.config; set_auto_batch_epoch; Auto-set epochs to 640
2021-08-18 16:55:52,855; INFO; nprophet; _lr_range_test; learning rate range test found optimal lr: 8.11E-03
2021-08-18 16:56:03,139; INFO; nprophet.config; set_auto_batch_epoch; Auto-set batch_size to 2
2021-08-18 16:56:03,139; INFO; nprophet.config; set_auto_batch_epoch; Auto-set epochs to 533
2021-08-18 16:56:03,231; INFO; nprophet; _lr_range_test; learning rate range test found optimal lr: 1.23E-02
2021-08-18 16:56:12,314; INFO; nprophet.config; set_auto_batch_epoch; Auto-set batch_size to 2
2021-08-18 16:56:12,315; INFO; nprophet.config; set_auto_batch_epoch; Auto-set epochs to 457
2021-08-18 16:56:12,407; INFO; nprophet; _lr_range_test; learning rate range test found optimal lr: 4.33E-01
2021-08-18 16:56:21,274; INFO; nprophet.config; set_auto_batch_epoch; Auto-set batch_size to 2
2021-08-18 16:56:21,275; INFO; nprophet.config; set_auto_batch_epoch; Auto-set epochs to 400
2021-08-18 16:56:21,371; INFO; nprophet; _lr_range_test; learning rate range test found optimal lr: 8.11E-01
2021-08-18 16:56:29,624; INFO; nprophet.config; set_auto_batch_epoch; Auto-set batch_size to 2
2021-08-18 16:56:29,625; INFO; nprophet.config; set_auto_batch_epoch; Auto-set epochs to 355
2021-08-18 16:56:29,723; INFO; nprophet; _lr_range_test; learning rate range test found optimal lr: 8.11E-01
2021-08-18 16:56:38,316; INFO; nprophet.config; set_auto_batch_epoch; Auto-set batch_size to 2
2021-08-18 16:56:38,316; INFO; nprophet.config; set_auto_batch_epoch; Auto-set epochs to 320
2021-08-18 16:56:38,411; INFO; nprophet; _lr_range_test; learning rate range test found optimal lr: 2.85E-01
2021-08-18 16:56:46,610; INFO; nprophet.config; set_auto_batch_epoch; Auto-set batch_size to 2
2021-08-18 16:56:46,611; INFO; nprophet.config; set_auto_batch_epoch; Auto-set epochs to 290
2021-08-18 16:56:46,701; INFO; nprophet; _lr_range_test; learning rate range test found optimal lr: 4.33E-04
2021-08-18 16:56:54,785; INFO; nprophet.config; set_auto_batch_epoch; Auto-set batch_size to 2
2021-08-18 16:56:54,787; INFO; nprophet.config; set_auto_batch_epoch; Auto-set epochs to 266
2021-08-18 16:56:54,885; INFO; nprophet; _lr_range_test; learning rate range test found optimal lr: 8.11E-03
2021-08-18 16:57:02,697; INFO; nprophet.config; set_auto_batch_epoch; Auto-set batch_size to 2
2021-08-18 16:57:02,698; INFO; nprophet.config; set_auto_batch_epoch; Auto-set epochs to 246
2021-08-18 16:57:02,806; INFO; nprophet; _lr_range_test; learning rate range test found optimal lr: 4.33E-02
2021-08-18 16:57:10,662; INFO; nprophet.config; set_auto_batch_epoch; Auto-set batch_size to 2
2021-08-18 16:57:10,662; INFO; nprophet.config; set_auto_batch_epoch; Auto-set epochs to 228
2021-08-18 16:57:10,755; INFO; nprophet; _lr_range_test; learning rate range test found optimal lr: 3.51E-03
2021-08-18 16:57:18,129; INFO; nprophet.config; set_auto_batch_epoch; Auto-set batch_size to 2
2021-08-18 16:57:18,130; INFO; nprophet.config; set_auto_batch_epoch; Auto-set epochs to 213
2021-08-18 16:57:18,218; INFO; nprophet; _lr_range_test; learning rate range test found optimal lr: 4.33E-02
2021-08-18 16:57:25,623; INFO; nprophet.config; set_auto_batch_epoch; Auto-set batch_size to 2
2021-08-18 16:57:25,623; INFO; nprophet.config; set_auto_batch_epoch; Auto-set epochs to 200
2021-08-18 16:57:25,724; INFO; nprophet; _lr_range_test; learning rate range test found optimal lr: 2.31E+00
2021-08-18 16:57:33,097; INFO; nprophet.config; set_auto_batch_epoch; Auto-set batch_size to 2
2021-08-18 16:57:33,098; INFO; nprophet.config; set_auto_batch_epoch; Auto-set epochs to 188
2021-08-18 16:57:33,214; INFO; nprophet; _lr_range_test; learning rate range test found optimal lr: 1.52E+00
2021-08-18 16:57:40,339; INFO; nprophet.config; set_auto_batch_epoch; Auto-set batch_size to 2
2021-08-18 16:57:40,340; INFO; nprophet.config; set_auto_batch_epoch; Auto-set epochs to 177
2021-08-18 16:57:40,437; INFO; nprophet; _lr_range_test; learning rate range test found optimal lr: 1.87E+00
2021-08-18 16:57:47,581; INFO; nprophet.config; set_auto_batch_epoch; Auto-set batch_size to 2
2021-08-18 16:57:47,582; INFO; nprophet.config; set_auto_batch_epoch; Auto-set epochs to 168
2021-08-18 16:57:47,675; INFO; nprophet; _lr_range_test; learning rate range test found optimal lr: 4.33E-01
2021-08-18 16:57:54,754; INFO; nprophet.config; set_auto_batch_epoch; Auto-set batch_size to 8
2021-08-18 16:57:54,755; INFO; nprophet.config; set_auto_batch_epoch; Auto-set epochs to 320
2021-08-18 16:57:54,851; INFO; nprophet; _lr_range_test; learning rate range test found optimal lr: 1.87E-01
2021-08-18 16:58:00,325; INFO; nprophet.config; set_auto_batch_epoch; Auto-set batch_size to 8
2021-08-18 16:58:00,326; INFO; nprophet.config; set_auto_batch_epoch; Auto-set epochs to 304
2021-08-18 16:58:00,428; INFO; nprophet; _lr_range_test; learning rate range test found optimal lr: 1.87E+00
2021-08-18 16:58:05,899; INFO; nprophet.config; set_auto_batch_epoch; Auto-set batch_size to 8
2021-08-18 16:58:05,900; INFO; nprophet.config; set_auto_batch_epoch; Auto-set epochs to 290
2021-08-18 16:58:06,002; INFO; nprophet; _lr_range_test; learning rate range test found optimal lr: 2.31E-01
2021-08-18 16:58:11,337; INFO; nprophet.config; set_auto_batch_epoch; Auto-set batch_size to 8
2021-08-18 16:58:11,337; INFO; nprophet.config; set_auto_batch_epoch; Auto-set epochs to 278
2021-08-18 16:58:11,439; INFO; nprophet; _lr_range_test; learning rate range test found optimal lr: 5.34E-01
2021-08-18 16:58:16,724; INFO; nprophet.config; set_auto_batch_epoch; Auto-set batch_size to 8
2021-08-18 16:58:16,725; INFO; nprophet.config; set_auto_batch_epoch; Auto-set epochs to 266
2021-08-18 16:58:16,824; INFO; nprophet; _lr_range_test; learning rate range test found optimal lr: 6.58E-01
2021-08-18 16:58:22,012; INFO; nprophet.config; set_auto_batch_epoch; Auto-set batch_size to 8
2021-08-18 16:58:22,012; INFO; nprophet.config; set_auto_batch_epoch; Auto-set epochs to 256
2021-08-18 16:58:22,114; INFO; nprophet; _lr_range_test; learning rate range test found optimal lr: 4.33E-02
2021-08-18 16:58:27,354; INFO; nprophet.config; set_auto_batch_epoch; Auto-set batch_size to 8
2021-08-18 16:58:27,355; INFO; nprophet.config; set_auto_batch_epoch; Auto-set epochs to 246
2021-08-18 16:58:27,465; INFO; nprophet; _lr_range_test; learning rate range test found optimal lr: 1.23E+00
2021-08-18 16:58:32,751; INFO; nprophet.config; set_auto_batch_epoch; Auto-set batch_size to 8
2021-08-18 16:58:32,752; INFO; nprophet.config; set_auto_batch_epoch; Auto-set epochs to 237
2021-08-18 16:58:32,849; INFO; nprophet; _lr_range_test; learning rate range test found optimal lr: 1.52E+00
2021-08-18 16:58:38,029; INFO; nprophet.config; set_auto_batch_epoch; Auto-set batch_size to 8
2021-08-18 16:58:38,030; INFO; nprophet.config; set_auto_batch_epoch; Auto-set epochs to 228
2021-08-18 16:58:38,134; INFO; nprophet; _lr_range_test; learning rate range test found optimal lr: 1.87E+00
2021-08-18 16:58:43,238; INFO; nprophet.config; set_auto_batch_epoch; Auto-set batch_size to 8
2021-08-18 16:58:43,239; INFO; nprophet.config; set_auto_batch_epoch; Auto-set epochs to 220
2021-08-18 16:58:43,339; INFO; nprophet; _lr_range_test; learning rate range test found optimal lr: 1.00E-01
2021-08-18 16:58:48,449; INFO; nprophet.config; set_auto_batch_epoch; Auto-set batch_size to 8
2021-08-18 16:58:48,451; INFO; nprophet.config; set_auto_batch_epoch; Auto-set epochs to 213
2021-08-18 16:58:48,549; INFO; nprophet; _lr_range_test; learning rate range test found optimal lr: 1.87E-02
2021-08-18 16:58:53,556; INFO; nprophet.config; set_auto_batch_epoch; Auto-set batch_size to 8
2021-08-18 16:58:53,558; INFO; nprophet.config; set_auto_batch_epoch; Auto-set epochs to 206
2021-08-18 16:58:53,659; INFO; nprophet; _lr_range_test; learning rate range test found optimal lr: 4.33E-01
2021-08-18 16:58:58,699; INFO; nprophet.config; set_auto_batch_epoch; Auto-set batch_size to 8
2021-08-18 16:58:58,700; INFO; nprophet.config; set_auto_batch_epoch; Auto-set epochs to 200
2021-08-18 16:58:58,805; INFO; nprophet; _lr_range_test; learning rate range test found optimal lr: 6.58E-01
2021-08-18 16:59:03,691; INFO; nprophet.config; set_auto_batch_epoch; Auto-set batch_size to 8
2021-08-18 16:59:03,692; INFO; nprophet.config; set_auto_batch_epoch; Auto-set epochs to 193
2021-08-18 16:59:03,800; INFO; nprophet; _lr_range_test; learning rate range test found optimal lr: 1.87E+00
2021-08-18 16:59:08,658; INFO; nprophet.config; set_auto_batch_epoch; Auto-set batch_size to 8
2021-08-18 16:59:08,659; INFO; nprophet.config; set_auto_batch_epoch; Auto-set epochs to 188
2021-08-18 16:59:08,762; INFO; nprophet; _lr_range_test; learning rate range test found optimal lr: 2.85E-01
2021-08-18 16:59:13,790; INFO; nprophet.config; set_auto_batch_epoch; Auto-set batch_size to 8
2021-08-18 16:59:13,791; INFO; nprophet.config; set_auto_batch_epoch; Auto-set epochs to 182
2021-08-18 16:59:13,894; INFO; nprophet; _lr_range_test; learning rate range test found optimal lr: 2.31E-01
2021-08-18 16:59:18,677; INFO; nprophet.config; set_auto_batch_epoch; Auto-set batch_size to 8
2021-08-18 16:59:18,678; INFO; nprophet.config; set_auto_batch_epoch; Auto-set epochs to 177
2021-08-18 16:59:18,794; INFO; nprophet; _lr_range_test; learning rate range test found optimal lr: 6.58E-01
2021-08-18 16:59:23,625; INFO; nprophet.config; set_auto_batch_epoch; Auto-set batch_size to 8
2021-08-18 16:59:23,626; INFO; nprophet.config; set_auto_batch_epoch; Auto-set epochs to 172
2021-08-18 16:59:23,734; INFO; nprophet; _lr_range_test; learning rate range test found optimal lr: 2.31E+00
2021-08-18 16:59:28,573; INFO; nprophet.config; set_auto_batch_epoch; Auto-set batch_size to 8
2021-08-18 16:59:28,574; INFO; nprophet.config; set_auto_batch_epoch; Auto-set epochs to 168
2021-08-18 16:59:28,687; INFO; nprophet; _lr_range_test; learning rate range test found optimal lr: 1.00E+00
2021-08-18 16:59:33,516; INFO; nprophet.config; set_auto_batch_epoch; Auto-set batch_size to 8
2021-08-18 16:59:33,517; INFO; nprophet.config; set_auto_batch_epoch; Auto-set epochs to 164
2021-08-18 16:59:33,622; INFO; nprophet; _lr_range_test; learning rate range test found optimal lr: 1.87E+00
2021-08-18 16:59:38,398; INFO; nprophet.config; set_auto_batch_epoch; Auto-set batch_size to 8
2021-08-18 16:59:38,399; INFO; nprophet.config; set_auto_batch_epoch; Auto-set epochs to 160
2021-08-18 16:59:38,501; INFO; nprophet; _lr_range_test; learning rate range test found optimal lr: 8.11E-01
2021-08-18 16:59:43,155; INFO; nprophet.config; set_auto_batch_epoch; Auto-set batch_size to 8
2021-08-18 16:59:43,155; INFO; nprophet.config; set_auto_batch_epoch; Auto-set epochs to 156
2021-08-18 16:59:43,258; INFO; nprophet; _lr_range_test; learning rate range test found optimal lr: 8.11E-01
2021-08-18 16:59:47,945; INFO; nprophet.config; set_auto_batch_epoch; Auto-set batch_size to 8
2021-08-18 16:59:47,946; INFO; nprophet.config; set_auto_batch_epoch; Auto-set epochs to 152
2021-08-18 16:59:48,053; INFO; nprophet; _lr_range_test; learning rate range test found optimal lr: 1.87E+00
2021-08-18 16:59:52,831; INFO; nprophet.config; set_auto_batch_epoch; Auto-set batch_size to 8
2021-08-18 16:59:52,832; INFO; nprophet.config; set_auto_batch_epoch; Auto-set epochs to 148
2021-08-18 16:59:52,934; INFO; nprophet; _lr_range_test; learning rate range test found optimal lr: 6.58E-01
2021-08-18 16:59:57,579; INFO; nprophet.config; set_auto_batch_epoch; Auto-set batch_size to 8
2021-08-18 16:59:57,580; INFO; nprophet.config; set_auto_batch_epoch; Auto-set epochs to 145
2021-08-18 16:59:57,681; INFO; nprophet; _lr_range_test; learning rate range test found optimal lr: 1.23E-01
2021-08-18 17:00:02,340; INFO; nprophet.config; set_auto_batch_epoch; Auto-set batch_size to 8
2021-08-18 17:00:02,341; INFO; nprophet.config; set_auto_batch_epoch; Auto-set epochs to 142
2021-08-18 17:00:02,441; INFO; nprophet; _lr_range_test; learning rate range test found optimal lr: 8.11E-01
2021-08-18 17:00:07,094; INFO; nprophet.config; set_auto_batch_epoch; Auto-set batch_size to 8
2021-08-18 17:00:07,095; INFO; nprophet.config; set_auto_batch_epoch; Auto-set epochs to 139
2021-08-18 17:00:07,191; INFO; nprophet; _lr_range_test; learning rate range test found optimal lr: 4.33E-01
2021-08-18 17:00:11,733; INFO; nprophet.config; set_auto_batch_epoch; Auto-set batch_size to 8
2021-08-18 17:00:11,734; INFO; nprophet.config; set_auto_batch_epoch; Auto-set epochs to 136
2021-08-18 17:00:11,835; INFO; nprophet; _lr_range_test; learning rate range test found optimal lr: 1.23E+00
2021-08-18 17:00:16,428; INFO; nprophet.config; set_auto_batch_epoch; Auto-set batch_size to 8
2021-08-18 17:00:16,428; INFO; nprophet.config; set_auto_batch_epoch; Auto-set epochs to 133
2021-08-18 17:00:16,529; INFO; nprophet; _lr_range_test; learning rate range test found optimal lr: 1.52E+00
2021-08-18 17:00:20,996; INFO; nprophet.config; set_auto_batch_epoch; Auto-set batch_size to 8
2021-08-18 17:00:20,997; INFO; nprophet.config; set_auto_batch_epoch; Auto-set epochs to 130
2021-08-18 17:00:21,109; INFO; nprophet; _lr_range_test; learning rate range test found optimal lr: 2.31E+00
2021-08-18 17:00:25,763; INFO; nprophet.config; set_auto_batch_epoch; Auto-set batch_size to 8
2021-08-18 17:00:25,765; INFO; nprophet.config; set_auto_batch_epoch; Auto-set epochs to 128
2021-08-18 17:00:25,875; INFO; nprophet; _lr_range_test; learning rate range test found optimal lr: 3.51E+00
2021-08-18 17:00:30,461; INFO; nprophet.config; set_auto_batch_epoch; Auto-set batch_size to 8
2021-08-18 17:00:30,462; INFO; nprophet.config; set_auto_batch_epoch; Auto-set epochs to 125
2021-08-18 17:00:30,574; INFO; nprophet; _lr_range_test; learning rate range test found optimal lr: 1.00E+00
2021-08-18 17:00:35,070; INFO; nprophet.config; set_auto_batch_epoch; Auto-set batch_size to 8
2021-08-18 17:00:35,071; INFO; nprophet.config; set_auto_batch_epoch; Auto-set epochs to 123
2021-08-18 17:00:35,182; INFO; nprophet; _lr_range_test; learning rate range test found optimal lr: 2.31E+00
2021-08-18 17:00:39,652; INFO; nprophet.config; set_auto_batch_epoch; Auto-set batch_size to 8
2021-08-18 17:00:39,653; INFO; nprophet.config; set_auto_batch_epoch; Auto-set epochs to 120
2021-08-18 17:00:39,762; INFO; nprophet; _lr_range_test; learning rate range test found optimal lr: 1.23E+00
2021-08-18 17:00:44,268; INFO; nprophet.config; set_auto_batch_epoch; Auto-set batch_size to 8
2021-08-18 17:00:44,269; INFO; nprophet.config; set_auto_batch_epoch; Auto-set epochs to 118
2021-08-18 17:00:44,381; INFO; nprophet; _lr_range_test; learning rate range test found optimal lr: 2.85E+00
2021-08-18 17:00:48,926; INFO; nprophet.config; set_auto_batch_epoch; Auto-set batch_size to 8
2021-08-18 17:00:48,927; INFO; nprophet.config; set_auto_batch_epoch; Auto-set epochs to 116
2021-08-18 17:00:49,036; INFO; nprophet; _lr_range_test; learning rate range test found optimal lr: 1.52E+00
2021-08-18 17:00:53,568; INFO; nprophet.config; set_auto_batch_epoch; Auto-set batch_size to 8
2021-08-18 17:00:53,570; INFO; nprophet.config; set_auto_batch_epoch; Auto-set epochs to 114
2021-08-18 17:00:53,672; INFO; nprophet; _lr_range_test; learning rate range test found optimal lr: 5.34E-02
2021-08-18 17:00:58,231; INFO; nprophet.config; set_auto_batch_epoch; Auto-set batch_size to 8
2021-08-18 17:00:58,232; INFO; nprophet.config; set_auto_batch_epoch; Auto-set epochs to 112
2021-08-18 17:00:58,328; INFO; nprophet; _lr_range_test; learning rate range test found optimal lr: 4.33E-04
2021-08-18 17:01:02,765; INFO; nprophet.config; set_auto_batch_epoch; Auto-set batch_size to 8
2021-08-18 17:01:02,766; INFO; nprophet.config; set_auto_batch_epoch; Auto-set epochs to 110
2021-08-18 17:01:02,866; INFO; nprophet; _lr_range_test; learning rate range test found optimal lr: 6.58E-03
2021-08-18 17:01:07,292; INFO; nprophet.config; set_auto_batch_epoch; Auto-set batch_size to 8
2021-08-18 17:01:07,294; INFO; nprophet.config; set_auto_batch_epoch; Auto-set epochs to 108
2021-08-18 17:01:07,403; INFO; nprophet; _lr_range_test; learning rate range test found optimal lr: 8.11E-01
2021-08-18 17:01:11,731; INFO; nprophet.config; set_auto_batch_epoch; Auto-set batch_size to 8
2021-08-18 17:01:11,731; INFO; nprophet.config; set_auto_batch_epoch; Auto-set epochs to 106
2021-08-18 17:01:11,835; INFO; nprophet; _lr_range_test; learning rate range test found optimal lr: 1.52E+00
2021-08-18 17:01:16,200; INFO; nprophet.config; set_auto_batch_epoch; Auto-set batch_size to 8
2021-08-18 17:01:16,201; INFO; nprophet.config; set_auto_batch_epoch; Auto-set epochs to 104
2021-08-18 17:01:16,303; INFO; nprophet; _lr_range_test; learning rate range test found optimal lr: 5.34E-01
2021-08-18 17:01:20,583; INFO; nprophet.config; set_auto_batch_epoch; Auto-set batch_size to 8
2021-08-18 17:01:20,584; INFO; nprophet.config; set_auto_batch_epoch; Auto-set epochs to 103
2021-08-18 17:01:20,693; INFO; nprophet; _lr_range_test; learning rate range test found optimal lr: 8.11E-01
2021-08-18 17:01:25,029; INFO; nprophet.config; set_auto_batch_epoch; Auto-set batch_size to 8
2021-08-18 17:01:25,030; INFO; nprophet.config; set_auto_batch_epoch; Auto-set epochs to 101
2021-08-18 17:01:25,134; INFO; nprophet; _lr_range_test; learning rate range test found optimal lr: 5.34E-01
2021-08-18 17:01:29,787; INFO; nprophet.config; set_auto_batch_epoch; Auto-set batch_size to 8
2021-08-18 17:01:29,788; INFO; nprophet.config; set_auto_batch_epoch; Auto-set epochs to 100
2021-08-18 17:01:29,907; INFO; nprophet; _lr_range_test; learning rate range test found optimal lr: 1.23E+00
2021-08-18 17:01:34,953; INFO; nprophet.config; set_auto_batch_epoch; Auto-set batch_size to 8
2021-08-18 17:01:34,954; INFO; nprophet.config; set_auto_batch_epoch; Auto-set epochs to 98
2021-08-18 17:01:35,117; INFO; nprophet; _lr_range_test; learning rate range test found optimal lr: 1.87E+00
2021-08-18 17:01:39,967; INFO; nprophet.config; set_auto_batch_epoch; Auto-set batch_size to 8
2021-08-18 17:01:39,968; INFO; nprophet.config; set_auto_batch_epoch; Auto-set epochs to 96
2021-08-18 17:01:40,088; INFO; nprophet; _lr_range_test; learning rate range test found optimal lr: 1.23E+00
2021-08-18 17:01:45,503; INFO; nprophet.config; set_auto_batch_epoch; Auto-set batch_size to 8
2021-08-18 17:01:45,504; INFO; nprophet.config; set_auto_batch_epoch; Auto-set epochs to 95
2021-08-18 17:01:45,644; INFO; nprophet; _lr_range_test; learning rate range test found optimal lr: 1.00E+00
2021-08-18 17:01:50,386; INFO; nprophet.config; set_auto_batch_epoch; Auto-set batch_size to 8
2021-08-18 17:01:50,386; INFO; nprophet.config; set_auto_batch_epoch; Auto-set epochs to 94
2021-08-18 17:01:50,503; INFO; nprophet; _lr_range_test; learning rate range test found optimal lr: 8.11E-01
2021-08-18 17:01:56,462; INFO; nprophet.config; set_auto_batch_epoch; Auto-set batch_size to 8
2021-08-18 17:01:56,463; INFO; nprophet.config; set_auto_batch_epoch; Auto-set epochs to 92
2021-08-18 17:01:56,577; INFO; nprophet; _lr_range_test; learning rate range test found optimal lr: 3.51E+00
2021-08-18 17:02:01,163; INFO; nprophet.config; set_auto_batch_epoch; Auto-set batch_size to 8
2021-08-18 17:02:01,163; INFO; nprophet.config; set_auto_batch_epoch; Auto-set epochs to 91
2021-08-18 17:02:01,281; INFO; nprophet; _lr_range_test; learning rate range test found optimal lr: 3.51E+00
2021-08-18 17:02:06,045; INFO; nprophet.config; set_auto_batch_epoch; Auto-set batch_size to 8
2021-08-18 17:02:06,046; INFO; nprophet.config; set_auto_batch_epoch; Auto-set epochs to 90
2021-08-18 17:02:06,155; INFO; nprophet; _lr_range_test; learning rate range test found optimal lr: 2.31E-03
2021-08-18 17:02:10,787; INFO; nprophet.config; set_auto_batch_epoch; Auto-set batch_size to 8
2021-08-18 17:02:10,787; INFO; nprophet.config; set_auto_batch_epoch; Auto-set epochs to 88
2021-08-18 17:02:10,907; INFO; nprophet; _lr_range_test; learning rate range test found optimal lr: 4.33E+00
2021-08-18 17:02:15,367; INFO; nprophet.config; set_auto_batch_epoch; Auto-set batch_size to 8
2021-08-18 17:02:15,368; INFO; nprophet.config; set_auto_batch_epoch; Auto-set epochs to 87
2021-08-18 17:02:15,487; INFO; nprophet; _lr_range_test; learning rate range test found optimal lr: 2.85E-01
2021-08-18 17:02:20,096; INFO; nprophet.config; set_auto_batch_epoch; Auto-set batch_size to 8
2021-08-18 17:02:20,096; INFO; nprophet.config; set_auto_batch_epoch; Auto-set epochs to 86
2021-08-18 17:02:20,203; INFO; nprophet; _lr_range_test; learning rate range test found optimal lr: 3.51E-01
2021-08-18 17:02:24,764; INFO; nprophet.config; set_auto_batch_epoch; Auto-set batch_size to 8
2021-08-18 17:02:24,765; INFO; nprophet.config; set_auto_batch_epoch; Auto-set epochs to 85
2021-08-18 17:02:24,883; INFO; nprophet; _lr_range_test; learning rate range test found optimal lr: 8.11E-01
2021-08-18 17:02:29,417; INFO; nprophet.config; set_auto_batch_epoch; Auto-set batch_size to 8
2021-08-18 17:02:29,418; INFO; nprophet.config; set_auto_batch_epoch; Auto-set epochs to 84
2021-08-18 17:02:29,541; INFO; nprophet; _lr_range_test; learning rate range test found optimal lr: 8.11E-01
2021-08-18 17:02:34,097; INFO; nprophet.config; set_auto_batch_epoch; Auto-set batch_size to 8
2021-08-18 17:02:34,098; INFO; nprophet.config; set_auto_batch_epoch; Auto-set epochs to 83
2021-08-18 17:02:34,213; INFO; nprophet; _lr_range_test; learning rate range test found optimal lr: 2.85E+00
2021-08-18 17:02:38,619; INFO; nprophet.config; set_auto_batch_epoch; Auto-set batch_size to 8
2021-08-18 17:02:38,619; INFO; nprophet.config; set_auto_batch_epoch; Auto-set epochs to 82
2021-08-18 17:02:38,741; INFO; nprophet; _lr_range_test; learning rate range test found optimal lr: 1.52E+00
2021-08-18 17:02:43,169; INFO; nprophet.config; set_auto_batch_epoch; Auto-set batch_size to 8
2021-08-18 17:02:43,170; INFO; nprophet.config; set_auto_batch_epoch; Auto-set epochs to 81
2021-08-18 17:02:43,286; INFO; nprophet; _lr_range_test; learning rate range test found optimal lr: 1.00E+00
2021-08-18 17:02:47,882; INFO; nprophet.config; set_auto_batch_epoch; Auto-set batch_size to 8
2021-08-18 17:02:47,883; INFO; nprophet.config; set_auto_batch_epoch; Auto-set epochs to 80
2021-08-18 17:02:48,001; INFO; nprophet; _lr_range_test; learning rate range test found optimal lr: 1.23E+00
2021-08-18 17:02:52,480; INFO; nprophet.config; set_auto_batch_epoch; Auto-set batch_size to 8
2021-08-18 17:02:52,481; INFO; nprophet.config; set_auto_batch_epoch; Auto-set epochs to 79
2021-08-18 17:02:52,581; INFO; nprophet; _lr_range_test; learning rate range test found optimal lr: 5.34E-04
2021-08-18 17:02:57,127; INFO; nprophet.config; set_auto_batch_epoch; Auto-set batch_size to 8
2021-08-18 17:02:57,128; INFO; nprophet.config; set_auto_batch_epoch; Auto-set epochs to 78
2021-08-18 17:02:57,247; INFO; nprophet; _lr_range_test; learning rate range test found optimal lr: 2.85E-02
2021-08-18 17:03:01,748; INFO; nprophet.config; set_auto_batch_epoch; Auto-set batch_size to 8
2021-08-18 17:03:01,749; INFO; nprophet.config; set_auto_batch_epoch; Auto-set epochs to 77
2021-08-18 17:03:01,871; INFO; nprophet; _lr_range_test; learning rate range test found optimal lr: 2.31E+00
2021-08-18 17:03:06,253; INFO; nprophet.config; set_auto_batch_epoch; Auto-set batch_size to 8
2021-08-18 17:03:06,253; INFO; nprophet.config; set_auto_batch_epoch; Auto-set epochs to 76
2021-08-18 17:03:06,363; INFO; nprophet; _lr_range_test; learning rate range test found optimal lr: 1.23E+00
2021-08-18 17:03:10,773; INFO; nprophet.config; set_auto_batch_epoch; Auto-set batch_size to 8
2021-08-18 17:03:10,774; INFO; nprophet.config; set_auto_batch_epoch; Auto-set epochs to 75
2021-08-18 17:03:10,895; INFO; nprophet; _lr_range_test; learning rate range test found optimal lr: 1.23E+00
2021-08-18 17:03:15,329; INFO; nprophet.config; set_auto_batch_epoch; Auto-set batch_size to 8
2021-08-18 17:03:15,330; INFO; nprophet.config; set_auto_batch_epoch; Auto-set epochs to 74
2021-08-18 17:03:15,444; INFO; nprophet; _lr_range_test; learning rate range test found optimal lr: 3.51E-01
2021-08-18 17:03:19,777; INFO; nprophet.config; set_auto_batch_epoch; Auto-set batch_size to 8
2021-08-18 17:03:19,778; INFO; nprophet.config; set_auto_batch_epoch; Auto-set epochs to 73
2021-08-18 17:03:19,900; INFO; nprophet; _lr_range_test; learning rate range test found optimal lr: 2.31E+00
2021-08-18 17:03:24,235; INFO; nprophet.config; set_auto_batch_epoch; Auto-set batch_size to 8
2021-08-18 17:03:24,235; INFO; nprophet.config; set_auto_batch_epoch; Auto-set epochs to 72
2021-08-18 17:03:24,347; INFO; nprophet; _lr_range_test; learning rate range test found optimal lr: 1.00E+00
2021-08-18 17:03:28,797; INFO; nprophet.config; set_auto_batch_epoch; Auto-set batch_size to 8
2021-08-18 17:03:28,798; INFO; nprophet.config; set_auto_batch_epoch; Auto-set epochs to 71
2021-08-18 17:03:28,938; INFO; nprophet; _lr_range_test; learning rate range test found optimal lr: 2.31E+00
2021-08-18 17:03:33,276; INFO; nprophet.config; set_auto_batch_epoch; Auto-set batch_size to 8
2021-08-18 17:03:33,277; INFO; nprophet.config; set_auto_batch_epoch; Auto-set epochs to 71
2021-08-18 17:03:33,388; INFO; nprophet; _lr_range_test; learning rate range test found optimal lr: 1.00E-01
2021-08-18 17:03:37,529; INFO; nprophet.config; set_auto_batch_epoch; Auto-set batch_size to 8
2021-08-18 17:03:37,529; INFO; nprophet.config; set_auto_batch_epoch; Auto-set epochs to 70
2021-08-18 17:03:37,646; INFO; nprophet; _lr_range_test; learning rate range test found optimal lr: 2.31E+00
2021-08-18 17:03:41,667; INFO; nprophet.config; set_auto_batch_epoch; Auto-set batch_size to 8
2021-08-18 17:03:41,667; INFO; nprophet.config; set_auto_batch_epoch; Auto-set epochs to 69
2021-08-18 17:03:41,777; INFO; nprophet; _lr_range_test; learning rate range test found optimal lr: 1.23E+00
2021-08-18 17:03:45,876; INFO; nprophet.config; set_auto_batch_epoch; Auto-set batch_size to 8
2021-08-18 17:03:45,877; INFO; nprophet.config; set_auto_batch_epoch; Auto-set epochs to 68
2021-08-18 17:03:46,005; INFO; nprophet; _lr_range_test; learning rate range test found optimal lr: 1.87E+00
2021-08-18 17:03:50,242; INFO; nprophet.config; set_auto_batch_epoch; Auto-set batch_size to 8
2021-08-18 17:03:50,242; INFO; nprophet.config; set_auto_batch_epoch; Auto-set epochs to 68
2021-08-18 17:03:50,353; INFO; nprophet; _lr_range_test; learning rate range test found optimal lr: 8.11E-03
2021-08-18 17:03:54,378; INFO; nprophet.config; set_auto_batch_epoch; Auto-set batch_size to 8
2021-08-18 17:03:54,378; INFO; nprophet.config; set_auto_batch_epoch; Auto-set epochs to 67
2021-08-18 17:03:54,489; INFO; nprophet; _lr_range_test; learning rate range test found optimal lr: 6.58E-01
2021-08-18 17:03:58,637; INFO; nprophet.config; set_auto_batch_epoch; Auto-set batch_size to 8
2021-08-18 17:03:58,638; INFO; nprophet.config; set_auto_batch_epoch; Auto-set epochs to 66
2021-08-18 17:03:58,757; INFO; nprophet; _lr_range_test; learning rate range test found optimal lr: 1.23E+00
2021-08-18 17:04:02,826; INFO; nprophet.config; set_auto_batch_epoch; Auto-set batch_size to 8
2021-08-18 17:04:02,827; INFO; nprophet.config; set_auto_batch_epoch; Auto-set epochs to 65
2021-08-18 17:04:02,937; INFO; nprophet; _lr_range_test; learning rate range test found optimal lr: 2.85E-01
2021-08-18 17:04:07,198; INFO; nprophet.config; set_auto_batch_epoch; Auto-set batch_size to 8
2021-08-18 17:04:07,199; INFO; nprophet.config; set_auto_batch_epoch; Auto-set epochs to 65
2021-08-18 17:04:07,320; INFO; nprophet; _lr_range_test; learning rate range test found optimal lr: 1.52E+00
2021-08-18 17:04:11,527; INFO; nprophet.config; set_auto_batch_epoch; Auto-set batch_size to 8
2021-08-18 17:04:11,528; INFO; nprophet.config; set_auto_batch_epoch; Auto-set epochs to 64
2021-08-18 17:04:11,631; INFO; nprophet; _lr_range_test; learning rate range test found optimal lr: 1.52E-02
2021-08-18 17:04:15,877; INFO; nprophet.config; set_auto_batch_epoch; Auto-set batch_size to 8
2021-08-18 17:04:15,878; INFO; nprophet.config; set_auto_batch_epoch; Auto-set epochs to 64
2021-08-18 17:04:15,995; INFO; nprophet; _lr_range_test; learning rate range test found optimal lr: 2.31E+00
2021-08-18 17:04:20,013; INFO; nprophet.config; set_auto_batch_epoch; Auto-set batch_size to 8
2021-08-18 17:04:20,014; INFO; nprophet.config; set_auto_batch_epoch; Auto-set epochs to 63
2021-08-18 17:04:20,129; INFO; nprophet; _lr_range_test; learning rate range test found optimal lr: 8.11E-01
2021-08-18 17:04:24,376; INFO; nprophet.config; set_auto_batch_epoch; Auto-set batch_size to 8
2021-08-18 17:04:24,376; INFO; nprophet.config; set_auto_batch_epoch; Auto-set epochs to 62
2021-08-18 17:04:24,497; INFO; nprophet; _lr_range_test; learning rate range test found optimal lr: 6.58E-01
2021-08-18 17:04:28,711; INFO; nprophet.config; set_auto_batch_epoch; Auto-set batch_size to 8
2021-08-18 17:04:28,711; INFO; nprophet.config; set_auto_batch_epoch; Auto-set epochs to 62
2021-08-18 17:04:28,822; INFO; nprophet; _lr_range_test; learning rate range test found optimal lr: 2.31E-01
2021-08-18 17:04:33,464; INFO; nprophet.config; set_auto_batch_epoch; Auto-set batch_size to 8
2021-08-18 17:04:33,464; INFO; nprophet.config; set_auto_batch_epoch; Auto-set epochs to 61
2021-08-18 17:04:33,584; INFO; nprophet; _lr_range_test; learning rate range test found optimal lr: 2.85E+00
2021-08-18 17:04:38,481; INFO; nprophet.config; set_auto_batch_epoch; Auto-set batch_size to 8
2021-08-18 17:04:38,482; INFO; nprophet.config; set_auto_batch_epoch; Auto-set epochs to 60
2021-08-18 17:04:38,626; INFO; nprophet; _lr_range_test; learning rate range test found optimal lr: 1.23E+00
2021-08-18 17:04:43,894; INFO; nprophet.config; set_auto_batch_epoch; Auto-set batch_size to 8
2021-08-18 17:04:43,895; INFO; nprophet.config; set_auto_batch_epoch; Auto-set epochs to 60
2021-08-18 17:04:44,057; INFO; nprophet; _lr_range_test; learning rate range test found optimal lr: 8.11E-01
2021-08-18 17:04:48,750; INFO; nprophet.config; set_auto_batch_epoch; Auto-set batch_size to 8
2021-08-18 17:04:48,751; INFO; nprophet.config; set_auto_batch_epoch; Auto-set epochs to 59
2021-08-18 17:04:48,910; INFO; nprophet; _lr_range_test; learning rate range test found optimal lr: 1.87E+00
2021-08-18 17:04:54,156; INFO; nprophet.config; set_auto_batch_epoch; Auto-set batch_size to 8
2021-08-18 17:04:54,157; INFO; nprophet.config; set_auto_batch_epoch; Auto-set epochs to 59
2021-08-18 17:04:54,276; INFO; nprophet; _lr_range_test; learning rate range test found optimal lr: 5.34E-01
2021-08-18 17:04:58,493; INFO; nprophet.config; set_auto_batch_epoch; Auto-set batch_size to 8
2021-08-18 17:04:58,494; INFO; nprophet.config; set_auto_batch_epoch; Auto-set epochs to 58
2021-08-18 17:04:58,618; INFO; nprophet; _lr_range_test; learning rate range test found optimal lr: 2.85E+00
2021-08-18 17:05:02,871; INFO; nprophet.config; set_auto_batch_epoch; Auto-set batch_size to 8
2021-08-18 17:05:02,872; INFO; nprophet.config; set_auto_batch_epoch; Auto-set epochs to 58
2021-08-18 17:05:02,995; INFO; nprophet; _lr_range_test; learning rate range test found optimal lr: 1.52E-01
2021-08-18 17:05:07,276; INFO; nprophet.config; set_auto_batch_epoch; Auto-set batch_size to 8
2021-08-18 17:05:07,277; INFO; nprophet.config; set_auto_batch_epoch; Auto-set epochs to 57
2021-08-18 17:05:07,399; INFO; nprophet; _lr_range_test; learning rate range test found optimal lr: 1.52E+00
2021-08-18 17:05:11,573; INFO; nprophet.config; set_auto_batch_epoch; Auto-set batch_size to 8
2021-08-18 17:05:11,574; INFO; nprophet.config; set_auto_batch_epoch; Auto-set epochs to 57
2021-08-18 17:05:11,696; INFO; nprophet; _lr_range_test; learning rate range test found optimal lr: 5.34E-01
2021-08-18 17:05:15,860; INFO; nprophet.config; set_auto_batch_epoch; Auto-set batch_size to 8
2021-08-18 17:05:15,861; INFO; nprophet.config; set_auto_batch_epoch; Auto-set epochs to 56
2021-08-18 17:05:15,985; INFO; nprophet; _lr_range_test; learning rate range test found optimal lr: 1.87E+00
2021-08-18 17:05:20,574; INFO; nprophet.config; set_auto_batch_epoch; Auto-set batch_size to 8
2021-08-18 17:05:20,575; INFO; nprophet.config; set_auto_batch_epoch; Auto-set epochs to 56
2021-08-18 17:05:20,737; INFO; nprophet; _lr_range_test; learning rate range test found optimal lr: 2.31E-01
2021-08-18 17:05:25,575; INFO; nprophet.config; set_auto_batch_epoch; Auto-set batch_size to 8
2021-08-18 17:05:25,576; INFO; nprophet.config; set_auto_batch_epoch; Auto-set epochs to 55
2021-08-18 17:05:25,719; INFO; nprophet; _lr_range_test; learning rate range test found optimal lr: 6.58E-01
2021-08-18 17:05:29,894; INFO; nprophet.config; set_auto_batch_epoch; Auto-set batch_size to 8
2021-08-18 17:05:29,894; INFO; nprophet.config; set_auto_batch_epoch; Auto-set epochs to 55
2021-08-18 17:05:30,014; INFO; nprophet; _lr_range_test; learning rate range test found optimal lr: 6.58E-01
2021-08-18 17:05:34,186; INFO; nprophet.config; set_auto_batch_epoch; Auto-set batch_size to 8
2021-08-18 17:05:34,187; INFO; nprophet.config; set_auto_batch_epoch; Auto-set epochs to 54
2021-08-18 17:05:34,297; INFO; nprophet; _lr_range_test; learning rate range test found optimal lr: 5.34E-01
2021-08-18 17:05:38,419; INFO; nprophet.config; set_auto_batch_epoch; Auto-set batch_size to 8
2021-08-18 17:05:38,420; INFO; nprophet.config; set_auto_batch_epoch; Auto-set epochs to 54
2021-08-18 17:05:38,532; INFO; nprophet; _lr_range_test; learning rate range test found optimal lr: 6.58E-01
2021-08-18 17:05:42,634; INFO; nprophet.config; set_auto_batch_epoch; Auto-set batch_size to 8
2021-08-18 17:05:42,635; INFO; nprophet.config; set_auto_batch_epoch; Auto-set epochs to 53
2021-08-18 17:05:42,757; INFO; nprophet; _lr_range_test; learning rate range test found optimal lr: 3.51E-01
2021-08-18 17:05:46,909; INFO; nprophet.config; set_auto_batch_epoch; Auto-set batch_size to 8
2021-08-18 17:05:46,910; INFO; nprophet.config; set_auto_batch_epoch; Auto-set epochs to 53
2021-08-18 17:05:47,107; INFO; nprophet; _lr_range_test; learning rate range test found optimal lr: 1.23E+00
2021-08-18 17:05:52,106; INFO; nprophet.config; set_auto_batch_epoch; Auto-set batch_size to 8
2021-08-18 17:05:52,107; INFO; nprophet.config; set_auto_batch_epoch; Auto-set epochs to 52
2021-08-18 17:05:52,262; INFO; nprophet; _lr_range_test; learning rate range test found optimal lr: 2.31E+00
2021-08-18 17:05:56,783; INFO; nprophet.config; set_auto_batch_epoch; Auto-set batch_size to 8
2021-08-18 17:05:56,783; INFO; nprophet.config; set_auto_batch_epoch; Auto-set epochs to 52
2021-08-18 17:05:56,896; INFO; nprophet; _lr_range_test; learning rate range test found optimal lr: 5.34E-01
2021-08-18 17:06:01,461; INFO; nprophet.config; set_auto_batch_epoch; Auto-set batch_size to 8
2021-08-18 17:06:01,461; INFO; nprophet.config; set_auto_batch_epoch; Auto-set epochs to 52
2021-08-18 17:06:01,602; INFO; nprophet; _lr_range_test; learning rate range test found optimal lr: 4.33E-01
2021-08-18 17:06:06,625; INFO; nprophet.config; set_auto_batch_epoch; Auto-set batch_size to 8
2021-08-18 17:06:06,627; INFO; nprophet.config; set_auto_batch_epoch; Auto-set epochs to 51
2021-08-18 17:06:06,746; INFO; nprophet; _lr_range_test; learning rate range test found optimal lr: 2.31E+00
2021-08-18 17:06:11,003; INFO; nprophet.config; set_auto_batch_epoch; Auto-set batch_size to 8
2021-08-18 17:06:11,004; INFO; nprophet.config; set_auto_batch_epoch; Auto-set epochs to 51
2021-08-18 17:06:11,118; INFO; nprophet; _lr_range_test; learning rate range test found optimal lr: 8.11E-01
2021-08-18 17:06:15,393; INFO; nprophet.config; set_auto_batch_epoch; Auto-set batch_size to 8
2021-08-18 17:06:15,393; INFO; nprophet.config; set_auto_batch_epoch; Auto-set epochs to 50
2021-08-18 17:06:15,510; INFO; nprophet; _lr_range_test; learning rate range test found optimal lr: 5.34E-01
2021-08-18 17:06:19,636; INFO; nprophet.config; set_auto_batch_epoch; Auto-set batch_size to 8
2021-08-18 17:06:19,637; INFO; nprophet.config; set_auto_batch_epoch; Auto-set epochs to 50
2021-08-18 17:06:19,756; INFO; nprophet; _lr_range_test; learning rate range test found optimal lr: 3.51E-01
2021-08-18 17:06:24,113; INFO; nprophet.config; set_auto_batch_epoch; Auto-set batch_size to 8
2021-08-18 17:06:24,114; INFO; nprophet.config; set_auto_batch_epoch; Auto-set epochs to 50
2021-08-18 17:06:24,247; INFO; nprophet; _lr_range_test; learning rate range test found optimal lr: 4.33E-01
2021-08-18 17:06:28,409; INFO; nprophet.config; set_auto_batch_epoch; Auto-set batch_size to 8
2021-08-18 17:06:28,410; INFO; nprophet.config; set_auto_batch_epoch; Auto-set epochs to 49
2021-08-18 17:06:28,524; INFO; nprophet; _lr_range_test; learning rate range test found optimal lr: 1.23E+00
2021-08-18 17:06:32,638; INFO; nprophet.config; set_auto_batch_epoch; Auto-set batch_size to 8
2021-08-18 17:06:32,639; INFO; nprophet.config; set_auto_batch_epoch; Auto-set epochs to 49
2021-08-18 17:06:32,758; INFO; nprophet; _lr_range_test; learning rate range test found optimal lr: 2.31E+00
2021-08-18 17:06:37,410; INFO; nprophet.config; set_auto_batch_epoch; Auto-set batch_size to 8
2021-08-18 17:06:37,411; INFO; nprophet.config; set_auto_batch_epoch; Auto-set epochs to 48
2021-08-18 17:06:37,528; INFO; nprophet; _lr_range_test; learning rate range test found optimal lr: 1.23E+00
2021-08-18 17:06:41,358; INFO; nprophet.config; set_auto_batch_epoch; Auto-set batch_size to 8
2021-08-18 17:06:41,360; INFO; nprophet.config; set_auto_batch_epoch; Auto-set epochs to 48
2021-08-18 17:06:41,477; INFO; nprophet; _lr_range_test; learning rate range test found optimal lr: 1.00E+00
2021-08-18 17:06:46,018; INFO; nprophet.config; set_auto_batch_epoch; Auto-set batch_size to 8
2021-08-18 17:06:46,019; INFO; nprophet.config; set_auto_batch_epoch; Auto-set epochs to 48
2021-08-18 17:06:46,132; INFO; nprophet; _lr_range_test; learning rate range test found optimal lr: 1.87E-01
2021-08-18 17:06:50,067; INFO; nprophet.config; set_auto_batch_epoch; Auto-set batch_size to 8
2021-08-18 17:06:50,068; INFO; nprophet.config; set_auto_batch_epoch; Auto-set epochs to 47
2021-08-18 17:06:50,228; INFO; nprophet; _lr_range_test; learning rate range test found optimal lr: 4.33E-01
2021-08-18 17:06:55,426; INFO; nprophet.config; set_auto_batch_epoch; Auto-set batch_size to 8
2021-08-18 17:06:55,428; INFO; nprophet.config; set_auto_batch_epoch; Auto-set epochs to 47
2021-08-18 17:06:55,609; INFO; nprophet; _lr_range_test; learning rate range test found optimal lr: 1.00E+00
2021-08-18 17:06:59,778; INFO; nprophet.config; set_auto_batch_epoch; Auto-set batch_size to 8
2021-08-18 17:06:59,779; INFO; nprophet.config; set_auto_batch_epoch; Auto-set epochs to 47
2021-08-18 17:06:59,887; INFO; nprophet; _lr_range_test; learning rate range test found optimal lr: 4.33E-01
2021-08-18 17:07:03,681; INFO; nprophet.config; set_auto_batch_epoch; Auto-set batch_size to 8
2021-08-18 17:07:03,682; INFO; nprophet.config; set_auto_batch_epoch; Auto-set epochs to 46
2021-08-18 17:07:03,807; INFO; nprophet; _lr_range_test; learning rate range test found optimal lr: 2.85E+00
2021-08-18 17:07:07,505; INFO; nprophet.config; set_auto_batch_epoch; Auto-set batch_size to 8
2021-08-18 17:07:07,505; INFO; nprophet.config; set_auto_batch_epoch; Auto-set epochs to 46
2021-08-18 17:07:07,621; INFO; nprophet; _lr_range_test; learning rate range test found optimal lr: 3.51E-01
2021-08-18 17:07:11,380; INFO; nprophet.config; set_auto_batch_epoch; Auto-set batch_size to 8
2021-08-18 17:07:11,381; INFO; nprophet.config; set_auto_batch_epoch; Auto-set epochs to 46
2021-08-18 17:07:11,495; INFO; nprophet; _lr_range_test; learning rate range test found optimal lr: 1.00E+00
2021-08-18 17:07:15,242; INFO; nprophet.config; set_auto_batch_epoch; Auto-set batch_size to 8
2021-08-18 17:07:15,243; INFO; nprophet.config; set_auto_batch_epoch; Auto-set epochs to 45
2021-08-18 17:07:15,343; INFO; nprophet; _lr_range_test; learning rate range test found optimal lr: 2.85E-01
2021-08-18 17:07:19,106; INFO; nprophet.config; set_auto_batch_epoch; Auto-set batch_size to 8
2021-08-18 17:07:19,108; INFO; nprophet.config; set_auto_batch_epoch; Auto-set epochs to 45
2021-08-18 17:07:19,222; INFO; nprophet; _lr_range_test; learning rate range test found optimal lr: 8.11E-01
2021-08-18 17:07:22,995; INFO; nprophet.config; set_auto_batch_epoch; Auto-set batch_size to 8
2021-08-18 17:07:22,995; INFO; nprophet.config; set_auto_batch_epoch; Auto-set epochs to 45
2021-08-18 17:07:23,090; INFO; nprophet; _lr_range_test; learning rate range test found optimal lr: 1.87E-01
2021-08-18 17:07:26,862; INFO; nprophet.config; set_auto_batch_epoch; Auto-set batch_size to 8
2021-08-18 17:07:26,862; INFO; nprophet.config; set_auto_batch_epoch; Auto-set epochs to 44
2021-08-18 17:07:26,980; INFO; nprophet; _lr_range_test; learning rate range test found optimal lr: 1.23E+00
2021-08-18 17:07:30,718; INFO; nprophet.config; set_auto_batch_epoch; Auto-set batch_size to 8
2021-08-18 17:07:30,719; INFO; nprophet.config; set_auto_batch_epoch; Auto-set epochs to 44
2021-08-18 17:07:30,817; INFO; nprophet; _lr_range_test; learning rate range test found optimal lr: 3.51E-01
2021-08-18 17:07:34,525; INFO; nprophet.config; set_auto_batch_epoch; Auto-set batch_size to 8
2021-08-18 17:07:34,526; INFO; nprophet.config; set_auto_batch_epoch; Auto-set epochs to 44
2021-08-18 17:07:34,639; INFO; nprophet; _lr_range_test; learning rate range test found optimal lr: 1.52E+00
2021-08-18 17:07:38,662; INFO; nprophet.config; set_auto_batch_epoch; Auto-set batch_size to 8
2021-08-18 17:07:38,662; INFO; nprophet.config; set_auto_batch_epoch; Auto-set epochs to 43
2021-08-18 17:07:38,772; INFO; nprophet; _lr_range_test; learning rate range test found optimal lr: 1.52E+00
2021-08-18 17:07:42,766; INFO; nprophet.config; set_auto_batch_epoch; Auto-set batch_size to 8
2021-08-18 17:07:42,767; INFO; nprophet.config; set_auto_batch_epoch; Auto-set epochs to 43
2021-08-18 17:07:42,882; INFO; nprophet; _lr_range_test; learning rate range test found optimal lr: 1.23E+00
2021-08-18 17:07:46,741; INFO; nprophet.config; set_auto_batch_epoch; Auto-set batch_size to 8
2021-08-18 17:07:46,741; INFO; nprophet.config; set_auto_batch_epoch; Auto-set epochs to 43
2021-08-18 17:07:46,855; INFO; nprophet; _lr_range_test; learning rate range test found optimal lr: 1.87E+00
2021-08-18 17:07:50,568; INFO; nprophet.config; set_auto_batch_epoch; Auto-set batch_size to 8
2021-08-18 17:07:50,569; INFO; nprophet.config; set_auto_batch_epoch; Auto-set epochs to 42
2021-08-18 17:07:50,708; INFO; nprophet; _lr_range_test; learning rate range test found optimal lr: 1.00E+00
2021-08-18 17:07:54,393; INFO; nprophet.config; set_auto_batch_epoch; Auto-set batch_size to 8
2021-08-18 17:07:54,394; INFO; nprophet.config; set_auto_batch_epoch; Auto-set epochs to 42
2021-08-18 17:07:54,499; INFO; nprophet; _lr_range_test; learning rate range test found optimal lr: 5.34E-01
2021-08-18 17:07:58,324; INFO; nprophet.config; set_auto_batch_epoch; Auto-set batch_size to 8
2021-08-18 17:07:58,324; INFO; nprophet.config; set_auto_batch_epoch; Auto-set epochs to 42
2021-08-18 17:07:58,438; INFO; nprophet; _lr_range_test; learning rate range test found optimal lr: 6.58E-01
2021-08-18 17:08:02,210; INFO; nprophet.config; set_auto_batch_epoch; Auto-set batch_size to 8
2021-08-18 17:08:02,211; INFO; nprophet.config; set_auto_batch_epoch; Auto-set epochs to 42
2021-08-18 17:08:02,336; INFO; nprophet; _lr_range_test; learning rate range test found optimal lr: 1.00E+00
2021-08-18 17:08:06,280; INFO; nprophet.config; set_auto_batch_epoch; Auto-set batch_size to 8
2021-08-18 17:08:06,281; INFO; nprophet.config; set_auto_batch_epoch; Auto-set epochs to 41
2021-08-18 17:08:06,397; INFO; nprophet; _lr_range_test; learning rate range test found optimal lr: 1.87E+00
2021-08-18 17:08:10,037; INFO; nprophet.config; set_auto_batch_epoch; Auto-set batch_size to 8
2021-08-18 17:08:10,037; INFO; nprophet.config; set_auto_batch_epoch; Auto-set epochs to 41
2021-08-18 17:08:10,148; INFO; nprophet; _lr_range_test; learning rate range test found optimal lr: 5.34E-01
2021-08-18 17:08:14,208; INFO; nprophet.config; set_auto_batch_epoch; Auto-set batch_size to 8
2021-08-18 17:08:14,208; INFO; nprophet.config; set_auto_batch_epoch; Auto-set epochs to 41
2021-08-18 17:08:14,328; INFO; nprophet; _lr_range_test; learning rate range test found optimal lr: 2.31E+00
2021-08-18 17:08:18,025; INFO; nprophet.config; set_auto_batch_epoch; Auto-set batch_size to 8
2021-08-18 17:08:18,026; INFO; nprophet.config; set_auto_batch_epoch; Auto-set epochs to 41
2021-08-18 17:08:18,139; INFO; nprophet; _lr_range_test; learning rate range test found optimal lr: 5.34E-01
2021-08-18 17:08:21,883; INFO; nprophet.config; set_auto_batch_epoch; Auto-set batch_size to 8
2021-08-18 17:08:21,884; INFO; nprophet.config; set_auto_batch_epoch; Auto-set epochs to 40
2021-08-18 17:08:22,001; INFO; nprophet; _lr_range_test; learning rate range test found optimal lr: 1.87E+00
2021-08-18 17:08:25,826; INFO; nprophet.config; set_auto_batch_epoch; Auto-set batch_size to 8
2021-08-18 17:08:25,827; INFO; nprophet.config; set_auto_batch_epoch; Auto-set epochs to 40
2021-08-18 17:08:25,966; INFO; nprophet; _lr_range_test; learning rate range test found optimal lr: 3.51E+00
2021-08-18 17:08:29,672; INFO; nprophet.config; set_auto_batch_epoch; Auto-set batch_size to 8
2021-08-18 17:08:29,673; INFO; nprophet.config; set_auto_batch_epoch; Auto-set epochs to 40
2021-08-18 17:08:29,792; INFO; nprophet; _lr_range_test; learning rate range test found optimal lr: 5.34E-02
2021-08-18 17:08:33,357; INFO; nprophet.config; set_auto_batch_epoch; Auto-set batch_size to 8
2021-08-18 17:08:33,358; INFO; nprophet.config; set_auto_batch_epoch; Auto-set epochs to 40
2021-08-18 17:08:33,471; INFO; nprophet; _lr_range_test; learning rate range test found optimal lr: 1.52E+00
2021-08-18 17:08:37,097; INFO; nprophet.config; set_auto_batch_epoch; Auto-set batch_size to 8
2021-08-18 17:08:37,098; INFO; nprophet.config; set_auto_batch_epoch; Auto-set epochs to 39
2021-08-18 17:08:37,205; INFO; nprophet; _lr_range_test; learning rate range test found optimal lr: 5.34E-01
2021-08-18 17:08:40,862; INFO; nprophet.config; set_auto_batch_epoch; Auto-set batch_size to 8
2021-08-18 17:08:40,863; INFO; nprophet.config; set_auto_batch_epoch; Auto-set epochs to 39
2021-08-18 17:08:40,968; INFO; nprophet; _lr_range_test; learning rate range test found optimal lr: 1.00E+00
2021-08-18 17:08:44,634; INFO; nprophet.config; set_auto_batch_epoch; Auto-set batch_size to 8
2021-08-18 17:08:44,634; INFO; nprophet.config; set_auto_batch_epoch; Auto-set epochs to 39
2021-08-18 17:08:44,751; INFO; nprophet; _lr_range_test; learning rate range test found optimal lr: 2.85E+00
2021-08-18 17:08:48,361; INFO; nprophet.config; set_auto_batch_epoch; Auto-set batch_size to 8
2021-08-18 17:08:48,363; INFO; nprophet.config; set_auto_batch_epoch; Auto-set epochs to 39
2021-08-18 17:08:48,476; INFO; nprophet; _lr_range_test; learning rate range test found optimal lr: 1.23E+00
2021-08-18 17:08:52,215; INFO; nprophet.config; set_auto_batch_epoch; Auto-set batch_size to 8
2021-08-18 17:08:52,216; INFO; nprophet.config; set_auto_batch_epoch; Auto-set epochs to 38
2021-08-18 17:08:52,336; INFO; nprophet; _lr_range_test; learning rate range test found optimal lr: 1.52E+00
2021-08-18 17:08:56,301; INFO; nprophet.config; set_auto_batch_epoch; Auto-set batch_size to 8
2021-08-18 17:08:56,302; INFO; nprophet.config; set_auto_batch_epoch; Auto-set epochs to 38
2021-08-18 17:08:56,437; INFO; nprophet; _lr_range_test; learning rate range test found optimal lr: 1.87E-05
2021-08-18 17:09:00,151; INFO; nprophet.config; set_auto_batch_epoch; Auto-set batch_size to 8
2021-08-18 17:09:00,151; INFO; nprophet.config; set_auto_batch_epoch; Auto-set epochs to 38
2021-08-18 17:09:00,257; INFO; nprophet; _lr_range_test; learning rate range test found optimal lr: 5.34E-03
2021-08-18 17:09:03,974; INFO; nprophet.config; set_auto_batch_epoch; Auto-set batch_size to 8
2021-08-18 17:09:03,975; INFO; nprophet.config; set_auto_batch_epoch; Auto-set epochs to 38
2021-08-18 17:09:04,101; INFO; nprophet; _lr_range_test; learning rate range test found optimal lr: 1.52E+00
2021-08-18 17:09:07,799; INFO; nprophet.config; set_auto_batch_epoch; Auto-set batch_size to 8
2021-08-18 17:09:07,800; INFO; nprophet.config; set_auto_batch_epoch; Auto-set epochs to 37
2021-08-18 17:09:07,921; INFO; nprophet; _lr_range_test; learning rate range test found optimal lr: 2.85E+00
2021-08-18 17:09:11,470; INFO; nprophet.config; set_auto_batch_epoch; Auto-set batch_size to 8
2021-08-18 17:09:11,471; INFO; nprophet.config; set_auto_batch_epoch; Auto-set epochs to 37
2021-08-18 17:09:11,582; INFO; nprophet; _lr_range_test; learning rate range test found optimal lr: 2.31E-01
2021-08-18 17:09:15,237; INFO; nprophet.config; set_auto_batch_epoch; Auto-set batch_size to 8
2021-08-18 17:09:15,237; INFO; nprophet.config; set_auto_batch_epoch; Auto-set epochs to 37
2021-08-18 17:09:15,344; INFO; nprophet; _lr_range_test; learning rate range test found optimal lr: 1.00E+00
2021-08-18 17:09:19,119; INFO; nprophet.config; set_auto_batch_epoch; Auto-set batch_size to 8
2021-08-18 17:09:19,121; INFO; nprophet.config; set_auto_batch_epoch; Auto-set epochs to 37
2021-08-18 17:09:19,281; INFO; nprophet; _lr_range_test; learning rate range test found optimal lr: 4.33E-01
2021-08-18 17:09:23,274; INFO; nprophet.config; set_auto_batch_epoch; Auto-set batch_size to 8
2021-08-18 17:09:23,275; INFO; nprophet.config; set_auto_batch_epoch; Auto-set epochs to 36
2021-08-18 17:09:23,377; INFO; nprophet; _lr_range_test; learning rate range test found optimal lr: 1.23E+00
2021-08-18 17:09:27,185; INFO; nprophet.config; set_auto_batch_epoch; Auto-set batch_size to 8
2021-08-18 17:09:27,186; INFO; nprophet.config; set_auto_batch_epoch; Auto-set epochs to 36
2021-08-18 17:09:27,298; INFO; nprophet; _lr_range_test; learning rate range test found optimal lr: 2.85E+00
2021-08-18 17:09:30,575; INFO; nprophet.config; set_auto_batch_epoch; Auto-set batch_size to 8
2021-08-18 17:09:30,576; INFO; nprophet.config; set_auto_batch_epoch; Auto-set epochs to 36
2021-08-18 17:09:30,671; INFO; nprophet; _lr_range_test; learning rate range test found optimal lr: 4.33E-01
2021-08-18 17:09:33,957; INFO; nprophet.config; set_auto_batch_epoch; Auto-set batch_size to 8
2021-08-18 17:09:33,958; INFO; nprophet.config; set_auto_batch_epoch; Auto-set epochs to 36
2021-08-18 17:09:34,061; INFO; nprophet; _lr_range_test; learning rate range test found optimal lr: 5.34E-01
2021-08-18 17:09:37,364; INFO; nprophet.config; set_auto_batch_epoch; Auto-set batch_size to 8
2021-08-18 17:09:37,365; INFO; nprophet.config; set_auto_batch_epoch; Auto-set epochs to 36
2021-08-18 17:09:37,461; INFO; nprophet; _lr_range_test; learning rate range test found optimal lr: 1.00E+00
2021-08-18 17:09:40,777; INFO; nprophet.config; set_auto_batch_epoch; Auto-set batch_size to 8
2021-08-18 17:09:40,778; INFO; nprophet.config; set_auto_batch_epoch; Auto-set epochs to 35
2021-08-18 17:09:40,880; INFO; nprophet; _lr_range_test; learning rate range test found optimal lr: 5.34E-01
2021-08-18 17:09:44,139; INFO; nprophet.config; set_auto_batch_epoch; Auto-set batch_size to 8
2021-08-18 17:09:44,140; INFO; nprophet.config; set_auto_batch_epoch; Auto-set epochs to 35
2021-08-18 17:09:44,241; INFO; nprophet; _lr_range_test; learning rate range test found optimal lr: 1.23E+00
2021-08-18 17:09:47,530; INFO; nprophet.config; set_auto_batch_epoch; Auto-set batch_size to 8
2021-08-18 17:09:47,531; INFO; nprophet.config; set_auto_batch_epoch; Auto-set epochs to 35
2021-08-18 17:09:47,636; INFO; nprophet; _lr_range_test; learning rate range test found optimal lr: 1.87E+00
2021-08-18 17:09:51,438; INFO; nprophet.config; set_auto_batch_epoch; Auto-set batch_size to 8
2021-08-18 17:09:51,438; INFO; nprophet.config; set_auto_batch_epoch; Auto-set epochs to 35
2021-08-18 17:09:51,560; INFO; nprophet; _lr_range_test; learning rate range test found optimal lr: 1.52E+00
2021-08-18 17:09:55,322; INFO; nprophet.config; set_auto_batch_epoch; Auto-set batch_size to 8
2021-08-18 17:09:55,323; INFO; nprophet.config; set_auto_batch_epoch; Auto-set epochs to 35
2021-08-18 17:09:55,417; INFO; nprophet; _lr_range_test; learning rate range test found optimal lr: 5.34E-01
2021-08-18 17:09:58,722; INFO; nprophet.config; set_auto_batch_epoch; Auto-set batch_size to 8
2021-08-18 17:09:58,723; INFO; nprophet.config; set_auto_batch_epoch; Auto-set epochs to 34
2021-08-18 17:09:58,829; INFO; nprophet; _lr_range_test; learning rate range test found optimal lr: 1.52E+00
2021-08-18 17:10:02,069; INFO; nprophet.config; set_auto_batch_epoch; Auto-set batch_size to 8
2021-08-18 17:10:02,070; INFO; nprophet.config; set_auto_batch_epoch; Auto-set epochs to 34
2021-08-18 17:10:02,172; INFO; nprophet; _lr_range_test; learning rate range test found optimal lr: 5.34E-01
2021-08-18 17:10:05,839; INFO; nprophet.config; set_auto_batch_epoch; Auto-set batch_size to 8
2021-08-18 17:10:05,840; INFO; nprophet.config; set_auto_batch_epoch; Auto-set epochs to 34
2021-08-18 17:10:05,940; INFO; nprophet; _lr_range_test; learning rate range test found optimal lr: 2.31E-02
2021-08-18 17:10:09,304; INFO; nprophet.config; set_auto_batch_epoch; Auto-set batch_size to 8
2021-08-18 17:10:09,305; INFO; nprophet.config; set_auto_batch_epoch; Auto-set epochs to 34
2021-08-18 17:10:09,407; INFO; nprophet; _lr_range_test; learning rate range test found optimal lr: 6.58E-01
2021-08-18 17:10:12,734; INFO; nprophet.config; set_auto_batch_epoch; Auto-set batch_size to 8
2021-08-18 17:10:12,735; INFO; nprophet.config; set_auto_batch_epoch; Auto-set epochs to 34
2021-08-18 17:10:12,839; INFO; nprophet; _lr_range_test; learning rate range test found optimal lr: 2.31E+00
2021-08-18 17:10:16,292; INFO; nprophet.config; set_auto_batch_epoch; Auto-set batch_size to 8
2021-08-18 17:10:16,293; INFO; nprophet.config; set_auto_batch_epoch; Auto-set epochs to 34
2021-08-18 17:10:16,399; INFO; nprophet; _lr_range_test; learning rate range test found optimal lr: 1.23E+00
2021-08-18 17:10:19,743; INFO; nprophet.config; set_auto_batch_epoch; Auto-set batch_size to 8
2021-08-18 17:10:19,744; INFO; nprophet.config; set_auto_batch_epoch; Auto-set epochs to 33
2021-08-18 17:10:19,845; INFO; nprophet; _lr_range_test; learning rate range test found optimal lr: 2.85E+00
2021-08-18 17:10:23,128; INFO; nprophet.config; set_auto_batch_epoch; Auto-set batch_size to 8
2021-08-18 17:10:23,129; INFO; nprophet.config; set_auto_batch_epoch; Auto-set epochs to 33
2021-08-18 17:10:23,231; INFO; nprophet; _lr_range_test; learning rate range test found optimal lr: 2.31E+00
2021-08-18 17:10:26,473; INFO; nprophet.config; set_auto_batch_epoch; Auto-set batch_size to 8
2021-08-18 17:10:26,474; INFO; nprophet.config; set_auto_batch_epoch; Auto-set epochs to 33
2021-08-18 17:10:26,584; INFO; nprophet; _lr_range_test; learning rate range test found optimal lr: 6.58E-01
2021-08-18 17:10:30,064; INFO; nprophet.config; set_auto_batch_epoch; Auto-set batch_size to 8
2021-08-18 17:10:30,065; INFO; nprophet.config; set_auto_batch_epoch; Auto-set epochs to 33
2021-08-18 17:10:30,169; INFO; nprophet; _lr_range_test; learning rate range test found optimal lr: 2.31E+00
2021-08-18 17:10:33,480; INFO; nprophet.config; set_auto_batch_epoch; Auto-set batch_size to 8
2021-08-18 17:10:33,481; INFO; nprophet.config; set_auto_batch_epoch; Auto-set epochs to 33
2021-08-18 17:10:33,592; INFO; nprophet; _lr_range_test; learning rate range test found optimal lr: 4.33E-02
2021-08-18 17:10:36,978; INFO; nprophet.config; set_auto_batch_epoch; Auto-set batch_size to 8
2021-08-18 17:10:36,978; INFO; nprophet.config; set_auto_batch_epoch; Auto-set epochs to 32
2021-08-18 17:10:37,080; INFO; nprophet; _lr_range_test; learning rate range test found optimal lr: 1.52E+00
2021-08-18 17:10:40,430; INFO; nprophet.config; set_auto_batch_epoch; Auto-set batch_size to 8
2021-08-18 17:10:40,431; INFO; nprophet.config; set_auto_batch_epoch; Auto-set epochs to 32
2021-08-18 17:10:40,538; INFO; nprophet; _lr_range_test; learning rate range test found optimal lr: 1.00E+00
2021-08-18 17:10:44,112; INFO; nprophet.config; set_auto_batch_epoch; Auto-set batch_size to 8
2021-08-18 17:10:44,113; INFO; nprophet.config; set_auto_batch_epoch; Auto-set epochs to 32
2021-08-18 17:10:44,216; INFO; nprophet; _lr_range_test; learning rate range test found optimal lr: 2.31E+00
2021-08-18 17:10:47,564; INFO; nprophet.config; set_auto_batch_epoch; Auto-set batch_size to 8
2021-08-18 17:10:47,565; INFO; nprophet.config; set_auto_batch_epoch; Auto-set epochs to 32
2021-08-18 17:10:47,668; INFO; nprophet; _lr_range_test; learning rate range test found optimal lr: 2.31E+00
2021-08-18 17:10:51,000; INFO; nprophet.config; set_auto_batch_epoch; Auto-set batch_size to 8
2021-08-18 17:10:51,001; INFO; nprophet.config; set_auto_batch_epoch; Auto-set epochs to 32
2021-08-18 17:10:51,115; INFO; nprophet; _lr_range_test; learning rate range test found optimal lr: 8.11E-01
2021-08-18 17:10:54,467; INFO; nprophet.config; set_auto_batch_epoch; Auto-set batch_size to 8
2021-08-18 17:10:54,468; INFO; nprophet.config; set_auto_batch_epoch; Auto-set epochs to 32
2021-08-18 17:10:54,571; INFO; nprophet; _lr_range_test; learning rate range test found optimal lr: 6.58E-01
2021-08-18 17:10:57,931; INFO; nprophet.config; set_auto_batch_epoch; Auto-set batch_size to 32
2021-08-18 17:10:57,932; INFO; nprophet.config; set_auto_batch_epoch; Auto-set epochs to 64
2021-08-18 17:10:58,048; INFO; nprophet; _lr_range_test; learning rate range test found optimal lr: 5.34E-01
2021-08-18 17:11:00,251; INFO; nprophet.config; set_auto_batch_epoch; Auto-set batch_size to 32
2021-08-18 17:11:00,252; INFO; nprophet.config; set_auto_batch_epoch; Auto-set epochs to 63
2021-08-18 17:11:00,367; INFO; nprophet; _lr_range_test; learning rate range test found optimal lr: 2.85E-01
2021-08-18 17:11:02,780; INFO; nprophet.config; set_auto_batch_epoch; Auto-set batch_size to 32
2021-08-18 17:11:02,780; INFO; nprophet.config; set_auto_batch_epoch; Auto-set epochs to 63
2021-08-18 17:11:03,017; INFO; nprophet; _lr_range_test; learning rate range test found optimal lr: 4.33E-01
2021-08-18 17:11:05,833; INFO; nprophet.config; set_auto_batch_epoch; Auto-set batch_size to 32
2021-08-18 17:11:05,834; INFO; nprophet.config; set_auto_batch_epoch; Auto-set epochs to 63
2021-08-18 17:11:05,961; INFO; nprophet; _lr_range_test; learning rate range test found optimal lr: 2.31E+00
2021-08-18 17:11:08,334; INFO; nprophet.config; set_auto_batch_epoch; Auto-set batch_size to 32
2021-08-18 17:11:08,334; INFO; nprophet.config; set_auto_batch_epoch; Auto-set epochs to 62
2021-08-18 17:11:08,452; INFO; nprophet; _lr_range_test; learning rate range test found optimal lr: 1.87E+00
2021-08-18 17:11:11,018; INFO; nprophet.config; set_auto_batch_epoch; Auto-set batch_size to 32
2021-08-18 17:11:11,019; INFO; nprophet.config; set_auto_batch_epoch; Auto-set epochs to 62
2021-08-18 17:11:11,166; INFO; nprophet; _lr_range_test; learning rate range test found optimal lr: 1.52E+00
2021-08-18 17:11:13,556; INFO; nprophet.config; set_auto_batch_epoch; Auto-set batch_size to 32
2021-08-18 17:11:13,557; INFO; nprophet.config; set_auto_batch_epoch; Auto-set epochs to 62
2021-08-18 17:11:13,679; INFO; nprophet; _lr_range_test; learning rate range test found optimal lr: 1.23E+00
2021-08-18 17:11:15,899; INFO; nprophet.config; set_auto_batch_epoch; Auto-set batch_size to 32
2021-08-18 17:11:15,900; INFO; nprophet.config; set_auto_batch_epoch; Auto-set epochs to 61
2021-08-18 17:11:16,031; INFO; nprophet; _lr_range_test; learning rate range test found optimal lr: 6.58E-01
2021-08-18 17:11:18,182; INFO; nprophet.config; set_auto_batch_epoch; Auto-set batch_size to 32
2021-08-18 17:11:18,183; INFO; nprophet.config; set_auto_batch_epoch; Auto-set epochs to 61
2021-08-18 17:11:18,309; INFO; nprophet; _lr_range_test; learning rate range test found optimal lr: 2.85E+00
2021-08-18 17:11:20,475; INFO; nprophet.config; set_auto_batch_epoch; Auto-set batch_size to 32
2021-08-18 17:11:20,476; INFO; nprophet.config; set_auto_batch_epoch; Auto-set epochs to 61
2021-08-18 17:11:20,597; INFO; nprophet; _lr_range_test; learning rate range test found optimal lr: 8.11E-01
2021-08-18 17:11:22,807; INFO; nprophet.config; set_auto_batch_epoch; Auto-set batch_size to 32
2021-08-18 17:11:22,808; INFO; nprophet.config; set_auto_batch_epoch; Auto-set epochs to 60
2021-08-18 17:11:22,935; INFO; nprophet; _lr_range_test; learning rate range test found optimal lr: 8.11E-01
2021-08-18 17:11:25,056; INFO; nprophet.config; set_auto_batch_epoch; Auto-set batch_size to 32
2021-08-18 17:11:25,057; INFO; nprophet.config; set_auto_batch_epoch; Auto-set epochs to 60
2021-08-18 17:11:25,173; INFO; nprophet; _lr_range_test; learning rate range test found optimal lr: 8.11E-01
2021-08-18 17:11:27,328; INFO; nprophet.config; set_auto_batch_epoch; Auto-set batch_size to 32
2021-08-18 17:11:27,329; INFO; nprophet.config; set_auto_batch_epoch; Auto-set epochs to 60
2021-08-18 17:11:27,452; INFO; nprophet; _lr_range_test; learning rate range test found optimal lr: 2.31E+00
2021-08-18 17:11:29,653; INFO; nprophet.config; set_auto_batch_epoch; Auto-set batch_size to 32
2021-08-18 17:11:29,654; INFO; nprophet.config; set_auto_batch_epoch; Auto-set epochs to 60
2021-08-18 17:11:29,767; INFO; nprophet; _lr_range_test; learning rate range test found optimal lr: 5.34E-01
2021-08-18 17:11:31,986; INFO; nprophet.config; set_auto_batch_epoch; Auto-set batch_size to 32
2021-08-18 17:11:31,987; INFO; nprophet.config; set_auto_batch_epoch; Auto-set epochs to 59
2021-08-18 17:11:32,108; INFO; nprophet; _lr_range_test; learning rate range test found optimal lr: 1.52E+00
2021-08-18 17:11:34,275; INFO; nprophet.config; set_auto_batch_epoch; Auto-set batch_size to 32
2021-08-18 17:11:34,276; INFO; nprophet.config; set_auto_batch_epoch; Auto-set epochs to 59
2021-08-18 17:11:34,394; INFO; nprophet; _lr_range_test; learning rate range test found optimal lr: 1.87E+00
2021-08-18 17:11:36,921; INFO; nprophet.config; set_auto_batch_epoch; Auto-set batch_size to 32
2021-08-18 17:11:36,922; INFO; nprophet.config; set_auto_batch_epoch; Auto-set epochs to 59
2021-08-18 17:11:37,138; INFO; nprophet; _lr_range_test; learning rate range test found optimal lr: 1.87E+00
2021-08-18 17:11:39,337; INFO; nprophet.config; set_auto_batch_epoch; Auto-set batch_size to 32
2021-08-18 17:11:39,338; INFO; nprophet.config; set_auto_batch_epoch; Auto-set epochs to 58
2021-08-18 17:11:39,472; INFO; nprophet; _lr_range_test; learning rate range test found optimal lr: 8.11E-01
2021-08-18 17:11:41,593; INFO; nprophet.config; set_auto_batch_epoch; Auto-set batch_size to 32
2021-08-18 17:11:41,594; INFO; nprophet.config; set_auto_batch_epoch; Auto-set epochs to 58
2021-08-18 17:11:41,716; INFO; nprophet; _lr_range_test; learning rate range test found optimal lr: 2.85E+00
2021-08-18 17:12:11,123; WARNING; nprophet; fit; Parts of code may break if using other than daily data.
2021-08-18 17:12:11,130; INFO; nprophet; _handle_missing_data; 77706 missing dates were added.
2021-08-18 17:12:11,674; INFO; nprophet; _handle_missing_data; 1123 NaN values in column y were auto-imputed.
2021-08-18 17:21:43,093; WARNING; nprophet; fit; Parts of code may break if using other than daily data.
2021-08-18 17:21:43,101; INFO; nprophet; _handle_missing_data; 77706 missing dates were added.
2021-08-18 17:21:43,203; INFO; nprophet; _handle_missing_data; 1123 NaN values in column y were auto-imputed.
